ffmpeg version 4.2.2 Copyright (c) 2000-2019 the FFmpeg developers
  built with gcc 9.2.1 (GCC) 20200122
  configuration: --enable-gpl --enable-version3 --enable-sdl2 --enable-fontconfig --enable-gnutls --enable-iconv --enable-libass --enable-libdav1d --enable-libbluray --enable-libfreetype --enable-libmp3lame --enable-libopencore-amrnb --enable-libopencore-amrwb --enable-libopenjpeg --enable-libopus --enable-libshine --enable-libsnappy --enable-libsoxr --enable-libtheora --enable-libtwolame --enable-libvpx --enable-libwavpack --enable-libwebp --enable-libx264 --enable-libx265 --enable-libxml2 --enable-libzimg --enable-lzma --enable-zlib --enable-gmp --enable-libvidstab --enable-libvorbis --enable-libvo-amrwbenc --enable-libmysofa --enable-libspeex --enable-libxvid --enable-libaom --enable-libmfx --enable-amf --enable-ffnvcodec --enable-cuvid --enable-d3d11va --enable-nvenc --enable-nvdec --enable-dxva2 --enable-avisynth --enable-libopenmpt
  libavutil      56. 31.100 / 56. 31.100
  libavcodec     58. 54.100 / 58. 54.100
  libavformat    58. 29.100 / 58. 29.100
  libavdevice    58.  8.100 / 58.  8.100
  libavfilter     7. 57.100 /  7. 57.100
  libswscale      5.  5.100 /  5.  5.100
  libswresample   3.  5.100 /  3.  5.100
  libpostproc    55.  5.100 / 55.  5.100
Splitting the commandline.
Reading option '-v' ... matched as option 'v' (set logging level) with argument 'debug'.
Reading option '-nostdin' ... matched as option 'stdin' (enable or disable interaction on standard input) with argument 0.
Reading option '-progress' ... matched as option 'progress' (write program-readable progress information) with argument 'C:/Users/Calle/AppData/Local/Temp/KritaFFmpegProgress.AVhqqF'.
Reading option '-r' ... matched as option 'r' (set frame rate (Hz value, fraction or abbreviation)) with argument '10'.
Reading option '-start_number' ... matched as AVOption 'start_number' with argument '0'.
Reading option '-i' ... matched as input url with argument 'F:/github/EE18B/EE18-ar2/javascript/mitt_slutprojekt/bilder/frame%04d.png'.
Reading option '-vf' ... matched as option 'vf' (set video filters) with argument 'palettegen'.
Reading option '-y' ... matched as option 'y' (overwrite output files) with argument '1'.
Reading option 'F:/github/EE18B/EE18-ar2/javascript/mitt_slutprojekt/bilder/palette.png' ... matched as output url.
Finished splitting the commandline.
Parsing a group of options: global .
Applying option v (set logging level) with argument debug.
Applying option nostdin (enable or disable interaction on standard input) with argument 0.
Applying option progress (write program-readable progress information) with argument C:/Users/Calle/AppData/Local/Temp/KritaFFmpegProgress.AVhqqF.
[file @ 000001e80ebcacc0] Setting default whitelist 'file,crypto'
Applying option y (overwrite output files) with argument 1.
Successfully parsed a group of options.
Parsing a group of options: input url F:/github/EE18B/EE18-ar2/javascript/mitt_slutprojekt/bilder/frame%04d.png.
Applying option r (set frame rate (Hz value, fraction or abbreviation)) with argument 10.
Successfully parsed a group of options.
Opening an input file: F:/github/EE18B/EE18-ar2/javascript/mitt_slutprojekt/bilder/frame%04d.png.
[image2 @ 000001e80ec0b880] Opening 'F:/github/EE18B/EE18-ar2/javascript/mitt_slutprojekt/bilder/frame0000.png' for reading
[file @ 000001e80ec0ef40] Setting default whitelist 'file,crypto'
[AVIOContext @ 000001e80ec17100] Statistics: 1313079 bytes read, 0 seeks
[image2 @ 000001e80ec0b880] Opening 'F:/github/EE18B/EE18-ar2/javascript/mitt_slutprojekt/bilder/frame0001.png' for reading
[file @ 000001e80ec17380] Setting default whitelist 'file,crypto'
[AVIOContext @ 000001e80ec17500] Statistics: 1314927 bytes read, 0 seeks
[image2 @ 000001e80ec0b880] Opening 'F:/github/EE18B/EE18-ar2/javascript/mitt_slutprojekt/bilder/frame0002.png' for reading
[file @ 000001e80ec17440] Setting default whitelist 'file,crypto'
[AVIOContext @ 000001e80ec16e40] Statistics: 1318937 bytes read, 0 seeks
[image2 @ 000001e80ec0b880] Opening 'F:/github/EE18B/EE18-ar2/javascript/mitt_slutprojekt/bilder/frame0003.png' for reading
[file @ 000001e80ec17440] Setting default whitelist 'file,crypto'
[AVIOContext @ 000001e80ec17000] Statistics: 1323423 bytes read, 0 seeks
[image2 @ 000001e80ec0b880] Probe buffer size limit of 5000000 bytes reached
Input #0, image2, from 'F:/github/EE18B/EE18-ar2/javascript/mitt_slutprojekt/bilder/frame%04d.png':
  Duration: 00:00:00.84, start: 0.000000, bitrate: N/A
    Stream #0:0, 4, 1/25: Video: png, 1 reference frame, rgba(pc), 1920x1080 [SAR 23622:23622 DAR 16:9], 0/1, 25 fps, 25 tbr, 25 tbn, 25 tbc
Successfully opened the file.
Parsing a group of options: output url F:/github/EE18B/EE18-ar2/javascript/mitt_slutprojekt/bilder/palette.png.
Applying option vf (set video filters) with argument palettegen.
Successfully parsed a group of options.
Opening an output file: F:/github/EE18B/EE18-ar2/javascript/mitt_slutprojekt/bilder/palette.png.
Successfully opened the file.
detected 6 logical cores
Stream mapping:
  Stream #0:0 -> #0:0 (png (native) -> png (native))
cur_dts is invalid st:0 (0) [init:0 i_done:0 finish:0] (this is harmless if it occurs once at the start per stream)
    Last message repeated 4 times
[image2 @ 000001e80ec0b880] Opening 'F:/github/EE18B/EE18-ar2/javascript/mitt_slutprojekt/bilder/frame0004.png' for reading
[file @ 000001e80ec16f80] Setting default whitelist 'file,crypto'
[AVIOContext @ 000001e80ec35680] Statistics: 1329022 bytes read, 0 seeks
cur_dts is invalid st:0 (0) [init:0 i_done:0 finish:0] (this is harmless if it occurs once at the start per stream)
[image2 @ 000001e80ec0b880] Opening 'F:/github/EE18B/EE18-ar2/javascript/mitt_slutprojekt/bilder/frame0005.png' for reading
[file @ 000001e80ec16f80] Setting default whitelist 'file,crypto'
[AVIOContext @ 000001e80ec35680] Statistics: 1338022 bytes read, 0 seeks
cur_dts is invalid st:0 (0) [init:0 i_done:0 finish:0] (this is harmless if it occurs once at the start per stream)
[image2 @ 000001e80ec0b880] Opening 'F:/github/EE18B/EE18-ar2/javascript/mitt_slutprojekt/bilder/frame0006.png' for reading
[file @ 000001e80ec16f80] Setting default whitelist 'file,crypto'
[AVIOContext @ 000001e80ec35680] Statistics: 1349422 bytes read, 0 seeks
[graph 0 input from stream 0:0 @ 000001e80ec23380] Setting 'video_size' to value '1920x1080'
[graph 0 input from stream 0:0 @ 000001e80ec23380] Setting 'pix_fmt' to value '26'
[graph 0 input from stream 0:0 @ 000001e80ec23380] Setting 'time_base' to value '1/10'
[graph 0 input from stream 0:0 @ 000001e80ec23380] Setting 'pixel_aspect' to value '23622/23622'
[graph 0 input from stream 0:0 @ 000001e80ec23380] Setting 'sws_param' to value 'flags=2'
[graph 0 input from stream 0:0 @ 000001e80ec23380] Setting 'frame_rate' to value '10/1'
[graph 0 input from stream 0:0 @ 000001e80ec23380] w:1920 h:1080 pixfmt:rgba tb:1/10 fr:10/1 sar:23622/23622 sws_param:flags=2
[format @ 000001e80ec35340] Setting 'pix_fmts' to value 'rgb24|rgba|rgb48be|rgba64be|pal8|gray|ya8|gray16be|ya16be|monob'
[auto_scaler_0 @ 000001e812e3b840] Setting 'flags' to value 'bicubic'
[auto_scaler_0 @ 000001e812e3b840] w:iw h:ih flags:'bicubic' interl:0
[Parsed_palettegen_0 @ 000001e80ec35680] auto-inserting filter 'auto_scaler_0' between the filter 'graph 0 input from stream 0:0' and the filter 'Parsed_palettegen_0'
[auto_scaler_1 @ 000001e80ec5e880] Setting 'flags' to value 'bicubic'
[auto_scaler_1 @ 000001e80ec5e880] w:iw h:ih flags:'bicubic' interl:0
[format @ 000001e80ec35340] auto-inserting filter 'auto_scaler_1' between the filter 'Parsed_palettegen_0' and the filter 'format'
[AVFilterGraph @ 000001e80ec16f80] query_formats: 4 queried, 1 merged, 2 already done, 0 delayed
[auto_scaler_1 @ 000001e80ec5e880] picking rgba out of 10 ref:bgra alpha:1
[swscaler @ 000001e812e3cc40] Forcing full internal H chroma due to input having non subsampled chroma
[auto_scaler_0 @ 000001e812e3b840] w:1920 h:1080 fmt:rgba sar:23622/23622 -> w:1920 h:1080 fmt:bgra sar:1/1 flags:0x4
[swscaler @ 000001e812e49b80] Forcing full internal H chroma due to input having non subsampled chroma
[auto_scaler_1 @ 000001e80ec5e880] w:16 h:16 fmt:bgra sar:1/1 -> w:16 h:16 fmt:rgba sar:1/1 flags:0x4
Output #0, image2, to 'F:/github/EE18B/EE18-ar2/javascript/mitt_slutprojekt/bilder/palette.png':
  Metadata:
    encoder         : Lavf58.29.100
    Stream #0:0, 0, 1/10: Video: png, 1 reference frame, rgba, 16x16 [SAR 1:1 DAR 1:1], 0/1, q=2-31, 200 kb/s, 10 fps, 10 tbn, 10 tbc
    Metadata:
      encoder         : Lavc58.54.100 png
cur_dts is invalid st:0 (0) [init:1 i_done:0 finish:0] (this is harmless if it occurs once at the start per stream)
[image2 @ 000001e80ec0b880] Opening 'F:/github/EE18B/EE18-ar2/javascript/mitt_slutprojekt/bilder/frame0007.png' for reading
[file @ 000001e80ec5d880] Setting default whitelist 'file,crypto'
[AVIOContext @ 000001e80ec46f40] Statistics: 1356703 bytes read, 0 seeks
cur_dts is invalid st:0 (0) [init:1 i_done:0 finish:0] (this is harmless if it occurs once at the start per stream)
[image2 @ 000001e80ec0b880] Opening 'F:/github/EE18B/EE18-ar2/javascript/mitt_slutprojekt/bilder/frame0008.png' for reading
[file @ 000001e80ec5df80] Setting default whitelist 'file,crypto'
[AVIOContext @ 000001e813917040] Statistics: 1354266 bytes read, 0 seeks
cur_dts is invalid st:0 (0) [init:1 i_done:0 finish:0] (this is harmless if it occurs once at the start per stream)
[image2 @ 000001e80ec0b880] Opening 'F:/github/EE18B/EE18-ar2/javascript/mitt_slutprojekt/bilder/frame0009.png' for reading
[file @ 000001e80ec5f080] Setting default whitelist 'file,crypto'
[AVIOContext @ 000001e813917040] Statistics: 1355004 bytes read, 0 seeks
cur_dts is invalid st:0 (0) [init:1 i_done:0 finish:0] (this is harmless if it occurs once at the start per stream)
[image2 @ 000001e80ec0b880] Opening 'F:/github/EE18B/EE18-ar2/javascript/mitt_slutprojekt/bilder/frame0010.png' for reading
[file @ 000001e80ec5ee80] Setting default whitelist 'file,crypto'
[AVIOContext @ 000001e813945400] Statistics: 1352608 bytes read, 0 seeks
cur_dts is invalid st:0 (0) [init:1 i_done:0 finish:0] (this is harmless if it occurs once at the start per stream)
[image2 @ 000001e80ec0b880] Opening 'F:/github/EE18B/EE18-ar2/javascript/mitt_slutprojekt/bilder/frame0011.png' for reading
[file @ 000001e80ec5ef80] Setting default whitelist 'file,crypto'
[AVIOContext @ 000001e81395f1c0] Statistics: 1352676 bytes read, 0 seeks
cur_dts is invalid st:0 (0) [init:1 i_done:0 finish:0] (this is harmless if it occurs once at the start per stream)
[image2 @ 000001e80ec0b880] Opening 'F:/github/EE18B/EE18-ar2/javascript/mitt_slutprojekt/bilder/frame0012.png' for reading
[file @ 000001e80ec5dd80] Setting default whitelist 'file,crypto'
[AVIOContext @ 000001e8139825c0] Statistics: 1354732 bytes read, 0 seeks
cur_dts is invalid st:0 (0) [init:1 i_done:0 finish:0] (this is harmless if it occurs once at the start per stream)
[image2 @ 000001e80ec0b880] Opening 'F:/github/EE18B/EE18-ar2/javascript/mitt_slutprojekt/bilder/frame0013.png' for reading
[file @ 000001e80ec5f580] Setting default whitelist 'file,crypto'
[AVIOContext @ 000001e8139970c0] Statistics: 1354570 bytes read, 0 seeks
cur_dts is invalid st:0 (0) [init:1 i_done:0 finish:0] (this is harmless if it occurs once at the start per stream)
[image2 @ 000001e80ec0b880] Opening 'F:/github/EE18B/EE18-ar2/javascript/mitt_slutprojekt/bilder/frame0014.png' for reading
[file @ 000001e80ec5f380] Setting default whitelist 'file,crypto'
[AVIOContext @ 000001e8139b4880] Statistics: 1355510 bytes read, 0 seeks
cur_dts is invalid st:0 (0) [init:1 i_done:0 finish:0] (this is harmless if it occurs once at the start per stream)
[image2 @ 000001e80ec0b880] Opening 'F:/github/EE18B/EE18-ar2/javascript/mitt_slutprojekt/bilder/frame0015.png' for reading
[file @ 000001e80ec5f180] Setting default whitelist 'file,crypto'
[AVIOContext @ 000001e8139e2100] Statistics: 1353241 bytes read, 0 seeks
cur_dts is invalid st:0 (0) [init:1 i_done:0 finish:0] (this is harmless if it occurs once at the start per stream)
[image2 @ 000001e80ec0b880] Opening 'F:/github/EE18B/EE18-ar2/javascript/mitt_slutprojekt/bilder/frame0016.png' for reading
[file @ 000001e80ec5de80] Setting default whitelist 'file,crypto'
[AVIOContext @ 000001e8139fb240] Statistics: 1355721 bytes read, 0 seeks
cur_dts is invalid st:0 (0) [init:1 i_done:0 finish:0] (this is harmless if it occurs once at the start per stream)
[image2 @ 000001e80ec0b880] Opening 'F:/github/EE18B/EE18-ar2/javascript/mitt_slutprojekt/bilder/frame0017.png' for reading
[file @ 000001e80ec5d980] Setting default whitelist 'file,crypto'
[AVIOContext @ 000001e813985980] Statistics: 1354084 bytes read, 0 seeks
cur_dts is invalid st:0 (0) [init:1 i_done:0 finish:0] (this is harmless if it occurs once at the start per stream)
[image2 @ 000001e80ec0b880] Opening 'F:/github/EE18B/EE18-ar2/javascript/mitt_slutprojekt/bilder/frame0018.png' for reading
[file @ 000001e80ec5f580] Setting default whitelist 'file,crypto'
[AVIOContext @ 000001e813988480] Statistics: 1355190 bytes read, 0 seeks
cur_dts is invalid st:0 (0) [init:1 i_done:0 finish:0] (this is harmless if it occurs once at the start per stream)
[image2 @ 000001e80ec0b880] Opening 'F:/github/EE18B/EE18-ar2/javascript/mitt_slutprojekt/bilder/frame0019.png' for reading
[file @ 000001e80ec5ef80] Setting default whitelist 'file,crypto'
[AVIOContext @ 000001e813988c80] Statistics: 1354530 bytes read, 0 seeks
cur_dts is invalid st:0 (0) [init:1 i_done:0 finish:0] (this is harmless if it occurs once at the start per stream)
[image2 @ 000001e80ec0b880] Opening 'F:/github/EE18B/EE18-ar2/javascript/mitt_slutprojekt/bilder/frame0020.png' for reading
[file @ 000001e80ec5dc80] Setting default whitelist 'file,crypto'
[AVIOContext @ 000001e813a203c0] Statistics: 1354530 bytes read, 0 seeks
cur_dts is invalid st:0 (0) [init:1 i_done:0 finish:0] (this is harmless if it occurs once at the start per stream)
    Last message repeated 1 times
frame=    0 fps=0.0 q=0.0 size=N/A time=00:00:00.00 bitrate=N/A speed=   0x    cur_dts is invalid st:0 (0) [init:1 i_done:0 finish:0] (this is harmless if it occurs once at the start per stream)
    Last message repeated 4 times
[Parsed_palettegen_0 @ 000001e80ec35680] 255(+1) colors generated out of 40329 colors; ratio=0.006323
[Parsed_palettegen_0 @ 000001e80ec35680] Dupped color: FF474746
[Parsed_palettegen_0 @ 000001e80ec35680] Dupped color: FF474747
[Parsed_palettegen_0 @ 000001e80ec35680] Dupped color: FF808080
[Parsed_palettegen_0 @ 000001e80ec35680] Dupped color: FF868686
[Parsed_palettegen_0 @ 000001e80ec35680] Dupped color: FFDAB25E
cur_dts is invalid st:0 (0) [init:1 i_done:0 finish:0] (this is harmless if it occurs once at the start per stream)
Clipping frame in rate conversion by 0.000008
cur_dts is invalid st:0 (0) [init:1 i_done:0 finish:0] (this is harmless if it occurs once at the start per stream)
[out_0_0 @ 000001e80ec35180] EOF on sink link out_0_0:default.
No more output streams to write to, finishing.
[image2 @ 000001e80ec0e0c0] Opening 'F:/github/EE18B/EE18-ar2/javascript/mitt_slutprojekt/bilder/palette.png' for writing
[file @ 000001e80ec5eb80] Setting default whitelist 'file,crypto'
[AVIOContext @ 000001e813941fc0] Statistics: 0 seeks, 1 writeouts
frame=    1 fps=0.0 q=-0.0 Lsize=N/A time=00:00:00.10 bitrate=N/A speed=0.168x    
[AVIOContext @ 000001e80ec0b700] Statistics: 0 seeks, 2 writeouts
video:1kB audio:0kB subtitle:0kB other streams:0kB global headers:0kB muxing overhead: unknown
Input file #0 (F:/github/EE18B/EE18-ar2/javascript/mitt_slutprojekt/bilder/frame%04d.png):
  Input stream #0:0 (video): 21 packets read (28250197 bytes); 21 frames decoded; 
  Total: 21 packets (28250197 bytes) demuxed
Output file #0 (F:/github/EE18B/EE18-ar2/javascript/mitt_slutprojekt/bilder/palette.png):
  Output stream #0:0 (video): 1 frames encoded; 1 packets muxed (920 bytes); 
  Total: 1 packets (920 bytes) muxed
21 frames successfully decoded, 0 decoding errors
